<?xml version="1.0" encoding="UTF-8"?>
<testng-results ignored="0" total="9" passed="9" failed="0" skipped="0">
  <reporter-output>
  </reporter-output>
  <suite started-at="2023-07-23T15:42:31 IST" name="Surefire suite" finished-at="2023-07-23T15:44:26 IST" duration-ms="115075">
    <groups>
    </groups>
    <test started-at="2023-07-23T15:42:31 IST" name="Surefire test" finished-at="2023-07-23T15:44:26 IST" duration-ms="115075">
      <class name="com.crm.qa.testcases.HomePageTest">
        <test-method is-config="true" signature="setUp()[pri:0, instance:com.crm.qa.testcases.HomePageTest@25d250c6]" started-at="2023-07-23T15:43:39 IST" name="setUp" finished-at="2023-07-23T15:43:47 IST" duration-ms="7719" status="PASS">
          <reporter-output>
          </reporter-output>
        </test-method> <!-- setUp -->
        <test-method signature="verifyHomePageTitleTest()[pri:1, instance:com.crm.qa.testcases.HomePageTest@25d250c6]" started-at="2023-07-23T15:43:47 IST" name="verifyHomePageTitleTest" finished-at="2023-07-23T15:43:47 IST" duration-ms="17" status="PASS">
          <reporter-output>
          </reporter-output>
        </test-method> <!-- verifyHomePageTitleTest -->
        <test-method is-config="true" signature="tearDown()[pri:0, instance:com.crm.qa.testcases.HomePageTest@25d250c6]" started-at="2023-07-23T15:43:47 IST" name="tearDown" finished-at="2023-07-23T15:43:47 IST" duration-ms="275" status="PASS">
          <reporter-output>
          </reporter-output>
        </test-method> <!-- tearDown -->
        <test-method is-config="true" signature="setUp()[pri:0, instance:com.crm.qa.testcases.HomePageTest@25d250c6]" started-at="2023-07-23T15:43:47 IST" name="setUp" finished-at="2023-07-23T15:43:56 IST" duration-ms="8892" status="PASS">
          <reporter-output>
          </reporter-output>
        </test-method> <!-- setUp -->
        <test-method signature="verifyUserNameTest()[pri:2, instance:com.crm.qa.testcases.HomePageTest@25d250c6]" started-at="2023-07-23T15:43:56 IST" name="verifyUserNameTest" finished-at="2023-07-23T15:43:58 IST" duration-ms="2357" status="PASS">
          <reporter-output>
          </reporter-output>
        </test-method> <!-- verifyUserNameTest -->
        <test-method is-config="true" signature="tearDown()[pri:0, instance:com.crm.qa.testcases.HomePageTest@25d250c6]" started-at="2023-07-23T15:43:58 IST" name="tearDown" finished-at="2023-07-23T15:43:59 IST" duration-ms="306" status="PASS">
          <reporter-output>
          </reporter-output>
        </test-method> <!-- tearDown -->
        <test-method is-config="true" signature="setUp()[pri:0, instance:com.crm.qa.testcases.HomePageTest@25d250c6]" started-at="2023-07-23T15:43:59 IST" name="setUp" finished-at="2023-07-23T15:44:06 IST" duration-ms="7484" status="PASS">
          <reporter-output>
          </reporter-output>
        </test-method> <!-- setUp -->
        <test-method signature="verifyContactsLinkTest()[pri:3, instance:com.crm.qa.testcases.HomePageTest@25d250c6]" started-at="2023-07-23T15:44:06 IST" name="verifyContactsLinkTest" finished-at="2023-07-23T15:44:09 IST" duration-ms="2499" status="PASS">
          <reporter-output>
          </reporter-output>
        </test-method> <!-- verifyContactsLinkTest -->
        <test-method is-config="true" signature="tearDown()[pri:0, instance:com.crm.qa.testcases.HomePageTest@25d250c6]" started-at="2023-07-23T15:44:09 IST" name="tearDown" finished-at="2023-07-23T15:44:09 IST" duration-ms="282" status="PASS">
          <reporter-output>
          </reporter-output>
        </test-method> <!-- tearDown -->
      </class> <!-- com.crm.qa.testcases.HomePageTest -->
      <class name="com.crm.qa.testcases.ContactsPageTest">
        <test-method is-config="true" signature="setUp()[pri:0, instance:com.crm.qa.testcases.ContactsPageTest@1e730495]" started-at="2023-07-23T15:42:31 IST" name="setUp" finished-at="2023-07-23T15:42:47 IST" duration-ms="15387" status="PASS">
          <reporter-output>
          </reporter-output>
        </test-method> <!-- setUp -->
        <test-method signature="verifyContactsPageLabel()[pri:1, instance:com.crm.qa.testcases.ContactsPageTest@1e730495]" started-at="2023-07-23T15:42:47 IST" name="verifyContactsPageLabel" finished-at="2023-07-23T15:42:47 IST" duration-ms="159" status="PASS">
          <reporter-output>
          </reporter-output>
        </test-method> <!-- verifyContactsPageLabel -->
        <test-method is-config="true" signature="tearDown()[pri:0, instance:com.crm.qa.testcases.ContactsPageTest@1e730495]" started-at="2023-07-23T15:42:47 IST" name="tearDown" finished-at="2023-07-23T15:42:47 IST" duration-ms="413" status="PASS">
          <reporter-output>
          </reporter-output>
        </test-method> <!-- tearDown -->
        <test-method is-config="true" signature="setUp()[pri:0, instance:com.crm.qa.testcases.ContactsPageTest@1e730495]" started-at="2023-07-23T15:42:48 IST" name="setUp" finished-at="2023-07-23T15:43:01 IST" duration-ms="12659" status="PASS">
          <reporter-output>
          </reporter-output>
        </test-method> <!-- setUp -->
        <test-method signature="validateCreateNewContact(java.lang.String,java.lang.String,java.lang.String)[pri:2, instance:com.crm.qa.testcases.ContactsPageTest@1e730495]" started-at="2023-07-23T15:43:01 IST" name="validateCreateNewContact" data-provider="getCRMTestData" finished-at="2023-07-23T15:43:04 IST" duration-ms="3151" status="PASS">
          <params>
            <param index="0">
              <value>
                <![CDATA[tim]]>
              </value>
            </param>
            <param index="1">
              <value>
                <![CDATA[david]]>
              </value>
            </param>
            <param index="2">
              <value>
                <![CDATA[google]]>
              </value>
            </param>
          </params>
          <reporter-output>
          </reporter-output>
        </test-method> <!-- validateCreateNewContact -->
        <test-method is-config="true" signature="tearDown()[pri:0, instance:com.crm.qa.testcases.ContactsPageTest@1e730495]" started-at="2023-07-23T15:43:04 IST" name="tearDown" finished-at="2023-07-23T15:43:05 IST" duration-ms="263" status="PASS">
          <reporter-output>
          </reporter-output>
        </test-method> <!-- tearDown -->
        <test-method is-config="true" signature="setUp()[pri:0, instance:com.crm.qa.testcases.ContactsPageTest@1e730495]" started-at="2023-07-23T15:43:05 IST" name="setUp" finished-at="2023-07-23T15:43:15 IST" duration-ms="10635" status="PASS">
          <reporter-output>
          </reporter-output>
        </test-method> <!-- setUp -->
        <test-method signature="validateCreateNewContact(java.lang.String,java.lang.String,java.lang.String)[pri:2, instance:com.crm.qa.testcases.ContactsPageTest@1e730495]" started-at="2023-07-23T15:43:15 IST" name="validateCreateNewContact" data-provider="getCRMTestData" finished-at="2023-07-23T15:43:18 IST" duration-ms="2971" status="PASS">
          <params>
            <param index="0">
              <value>
                <![CDATA[ben]]>
              </value>
            </param>
            <param index="1">
              <value>
                <![CDATA[stokes]]>
              </value>
            </param>
            <param index="2">
              <value>
                <![CDATA[microsoft]]>
              </value>
            </param>
          </params>
          <reporter-output>
          </reporter-output>
        </test-method> <!-- validateCreateNewContact -->
        <test-method is-config="true" signature="tearDown()[pri:0, instance:com.crm.qa.testcases.ContactsPageTest@1e730495]" started-at="2023-07-23T15:43:18 IST" name="tearDown" finished-at="2023-07-23T15:43:19 IST" duration-ms="612" status="PASS">
          <reporter-output>
          </reporter-output>
        </test-method> <!-- tearDown -->
        <test-method is-config="true" signature="setUp()[pri:0, instance:com.crm.qa.testcases.ContactsPageTest@1e730495]" started-at="2023-07-23T15:43:19 IST" name="setUp" finished-at="2023-07-23T15:43:36 IST" duration-ms="17164" status="PASS">
          <reporter-output>
          </reporter-output>
        </test-method> <!-- setUp -->
        <test-method signature="validateCreateNewContact(java.lang.String,java.lang.String,java.lang.String)[pri:2, instance:com.crm.qa.testcases.ContactsPageTest@1e730495]" started-at="2023-07-23T15:43:36 IST" name="validateCreateNewContact" data-provider="getCRMTestData" finished-at="2023-07-23T15:43:39 IST" duration-ms="2874" status="PASS">
          <params>
            <param index="0">
              <value>
                <![CDATA[virat]]>
              </value>
            </param>
            <param index="1">
              <value>
                <![CDATA[kohli]]>
              </value>
            </param>
            <param index="2">
              <value>
                <![CDATA[meta]]>
              </value>
            </param>
          </params>
          <reporter-output>
          </reporter-output>
        </test-method> <!-- validateCreateNewContact -->
        <test-method is-config="true" signature="tearDown()[pri:0, instance:com.crm.qa.testcases.ContactsPageTest@1e730495]" started-at="2023-07-23T15:43:39 IST" name="tearDown" finished-at="2023-07-23T15:43:39 IST" duration-ms="319" status="PASS">
          <reporter-output>
          </reporter-output>
        </test-method> <!-- tearDown -->
      </class> <!-- com.crm.qa.testcases.ContactsPageTest -->
      <class name="com.crm.qa.testcases.LoginPageTest">
        <test-method is-config="true" signature="setUp()[pri:0, instance:com.crm.qa.testcases.LoginPageTest@4df50bcc]" started-at="2023-07-23T15:44:09 IST" name="setUp" finished-at="2023-07-23T15:44:19 IST" duration-ms="9597" status="PASS">
          <reporter-output>
          </reporter-output>
        </test-method> <!-- setUp -->
        <test-method signature="loginPageTitleTest()[pri:1, instance:com.crm.qa.testcases.LoginPageTest@4df50bcc]" started-at="2023-07-23T15:44:19 IST" name="loginPageTitleTest" finished-at="2023-07-23T15:44:19 IST" duration-ms="9" status="PASS">
          <reporter-output>
          </reporter-output>
        </test-method> <!-- loginPageTitleTest -->
        <test-method is-config="true" signature="tearDown()[pri:0, instance:com.crm.qa.testcases.LoginPageTest@4df50bcc]" started-at="2023-07-23T15:44:19 IST" name="tearDown" finished-at="2023-07-23T15:44:19 IST" duration-ms="184" status="PASS">
          <reporter-output>
          </reporter-output>
        </test-method> <!-- tearDown -->
        <test-method is-config="true" signature="setUp()[pri:0, instance:com.crm.qa.testcases.LoginPageTest@4df50bcc]" started-at="2023-07-23T15:44:19 IST" name="setUp" finished-at="2023-07-23T15:44:26 IST" duration-ms="6858" status="PASS">
          <reporter-output>
          </reporter-output>
        </test-method> <!-- setUp -->
        <test-method signature="loginTest()[pri:2, instance:com.crm.qa.testcases.LoginPageTest@4df50bcc]" started-at="2023-07-23T15:44:26 IST" name="loginTest" finished-at="2023-07-23T15:44:26 IST" duration-ms="426" status="PASS">
          <reporter-output>
          </reporter-output>
        </test-method> <!-- loginTest -->
        <test-method is-config="true" signature="tearDown()[pri:0, instance:com.crm.qa.testcases.LoginPageTest@4df50bcc]" started-at="2023-07-23T15:44:26 IST" name="tearDown" finished-at="2023-07-23T15:44:26 IST" duration-ms="245" status="PASS">
          <reporter-output>
          </reporter-output>
        </test-method> <!-- tearDown -->
      </class> <!-- com.crm.qa.testcases.LoginPageTest -->
    </test> <!-- Surefire test -->
  </suite> <!-- Surefire suite -->
</testng-results>
